0 verbose cli /usr/bin/node /bin/npm
1 info using npm@10.8.3
2 info using node@v22.8.0
3 silly config load:file:/usr/lib/node_modules/npm/npmrc
4 silly config load:file:/home/tom/.npmrc
5 silly config load:file:/etc/npmrc
6 verbose title npm install typescript
7 verbose argv "install" "--global" "typescript"
8 verbose logfile logs-max:10 dir:/home/tom/.npm/_logs/2024-09-13T16_37_28_197Z-
9 verbose logfile /home/tom/.npm/_logs/2024-09-13T16_37_28_197Z-debug-0.log
10 silly packumentCache heap:4345298944 maxSize:1086324736 maxEntrySize:543162368
11 silly logfile start cleaning logs, removing 1 files
12 silly logfile done cleaning log files
13 silly idealTree buildDeps
14 silly fetch manifest typescript@*
15 silly packumentCache full:https://registry.npmjs.org/typescript cache-miss
16 http fetch GET 200 https://registry.npmjs.org/typescript 213ms (cache revalidated)
17 silly packumentCache full:https://registry.npmjs.org/typescript set size:13207795 disposed:false
18 silly placeDep ROOT typescript@5.6.2 OK for:  want: *
19 silly reify moves {}
20 verbose stack Error: EACCES: permission denied, mkdir '/usr/lib/node_modules/typescript'
20 verbose stack     at async mkdir (node:internal/fs/promises:857:10)
20 verbose stack     at async /usr/lib/node_modules/npm/node_modules/@npmcli/arborist/lib/arborist/reify.js:624:20
20 verbose stack     at async Promise.allSettled (index 0)
20 verbose stack     at async [reifyPackages] (/usr/lib/node_modules/npm/node_modules/@npmcli/arborist/lib/arborist/reify.js:325:11)
20 verbose stack     at async Arborist.reify (/usr/lib/node_modules/npm/node_modules/@npmcli/arborist/lib/arborist/reify.js:142:5)
20 verbose stack     at async Install.exec (/usr/lib/node_modules/npm/lib/commands/install.js:150:5)
20 verbose stack     at async Npm.exec (/usr/lib/node_modules/npm/lib/npm.js:207:9)
20 verbose stack     at async module.exports (/usr/lib/node_modules/npm/lib/cli/entry.js:74:5)
21 error code EACCES
22 error syscall mkdir
23 error path /usr/lib/node_modules/typescript
24 error errno -13
25 error Error: EACCES: permission denied, mkdir '/usr/lib/node_modules/typescript'
25 error     at async mkdir (node:internal/fs/promises:857:10)
25 error     at async /usr/lib/node_modules/npm/node_modules/@npmcli/arborist/lib/arborist/reify.js:624:20
25 error     at async Promise.allSettled (index 0)
25 error     at async [reifyPackages] (/usr/lib/node_modules/npm/node_modules/@npmcli/arborist/lib/arborist/reify.js:325:11)
25 error     at async Arborist.reify (/usr/lib/node_modules/npm/node_modules/@npmcli/arborist/lib/arborist/reify.js:142:5)
25 error     at async Install.exec (/usr/lib/node_modules/npm/lib/commands/install.js:150:5)
25 error     at async Npm.exec (/usr/lib/node_modules/npm/lib/npm.js:207:9)
25 error     at async module.exports (/usr/lib/node_modules/npm/lib/cli/entry.js:74:5) {
25 error   errno: -13,
25 error   code: 'EACCES',
25 error   syscall: 'mkdir',
25 error   path: '/usr/lib/node_modules/typescript'
25 error }
26 error
26 error The operation was rejected by your operating system.
26 error It is likely you do not have the permissions to access this file as the current user
26 error
26 error If you believe this might be a permissions issue, please double-check the
26 error permissions of the file and its containing directories, or try running
26 error the command again as root/Administrator.
27 silly unfinished npm timer reify 1726245448424
28 silly unfinished npm timer reify:createSparse 1726245448729
29 verbose cwd /home/tom
30 verbose os Linux 6.10.9-arch1-2
31 verbose node v22.8.0
32 verbose npm  v10.8.3
33 verbose exit -13
34 verbose code -13
35 error A complete log of this run can be found in: /home/tom/.npm/_logs/2024-09-13T16_37_28_197Z-debug-0.log
