0 verbose cli /usr/bin/node /bin/npm
1 info using npm@10.8.3
2 info using node@v22.9.0
3 silly config load:file:/usr/lib/node_modules/npm/npmrc
4 silly config load:file:/home/tom/.local/share/nvim/mason/staging/pyright/.npmrc
5 silly config load:file:/home/tom/.npmrc
6 silly config load:file:/etc/npmrc
7 verbose title npm install pyright@1.1.381
8 verbose argv "install" "pyright@1.1.381"
9 verbose logfile logs-max:10 dir:/home/tom/.npm/_logs/2024-09-21T15_00_15_837Z-
10 verbose logfile /home/tom/.npm/_logs/2024-09-21T15_00_15_837Z-debug-0.log
11 silly packumentCache heap:4345298944 maxSize:1086324736 maxEntrySize:543162368
12 silly logfile start cleaning logs, removing 2 files
13 silly logfile done cleaning log files
14 silly idealTree buildDeps
15 silly fetch manifest pyright@1.1.381
16 silly packumentCache full:https://registry.npmjs.org/pyright cache-miss
17 http fetch GET 200 https://registry.npmjs.org/pyright 716ms (cache updated)
18 silly packumentCache full:https://registry.npmjs.org/pyright set size:undefined disposed:false
19 silly placeDep ROOT pyright@1.1.381 OK for: @mason/pyright@1.0.0 want: 1.1.381
20 silly fetch manifest fsevents@~2.3.3
21 silly packumentCache full:https://registry.npmjs.org/fsevents cache-miss
22 http fetch GET 200 https://registry.npmjs.org/fsevents 45ms (cache updated)
23 silly packumentCache full:https://registry.npmjs.org/fsevents set size:undefined disposed:false
24 silly placeDep node_modules/pyright fsevents@2.3.3 OK for: pyright@1.1.381 want: ~2.3.3
25 silly reify moves {}
26 silly audit bulk request { pyright: [ '1.1.381' ], fsevents: [ '2.3.3' ] }
27 verbose reify failed optional dependency /home/tom/.local/share/nvim/mason/staging/pyright/node_modules/pyright/node_modules/fsevents
28 silly reify mark deleted [
28 silly reify   '/home/tom/.local/share/nvim/mason/staging/pyright/node_modules/pyright/node_modules/fsevents'
28 silly reify ]
29 silly tarball no local data for pyright@https://registry.npmjs.org/pyright/-/pyright-1.1.381.tgz. Extracting by manifest.
30 http fetch POST 200 https://registry.npmjs.org/-/npm/v1/security/advisories/bulk 205ms
31 silly audit report {}
32 http fetch GET 200 https://registry.npmjs.org/pyright/-/pyright-1.1.381.tgz 1740ms (cache miss)
33 silly ADD node_modules/pyright
34 silly ADD
35 verbose cwd /home/tom/.local/share/nvim/mason/staging/pyright
36 verbose os Linux 6.10.10-arch1-1
37 verbose node v22.9.0
38 verbose npm  v10.8.3
39 verbose exit 0
40 info ok
