0 verbose cli /usr/bin/node /bin/npm
1 info using npm@10.8.3
2 info using node@v22.8.0
3 silly config load:file:/usr/lib/node_modules/npm/npmrc
4 silly config load:file:/home/tom/.npmrc
5 silly config load:file:/etc/npmrc
6 verbose title npm info neovim
7 verbose argv "info" "neovim" "--json"
8 verbose logfile logs-max:10 dir:/home/tom/.npm/_logs/2024-09-13T16_47_17_263Z-
9 verbose logfile /home/tom/.npm/_logs/2024-09-13T16_47_17_263Z-debug-0.log
10 silly logfile start cleaning logs, removing 3 files
11 silly logfile done cleaning log files
12 http fetch GET 200 https://registry.npmjs.org/neovim 170ms (cache revalidated)
13 silly view {
13 silly view   '5.2.1': {
13 silly view     _id: 'neovim@5.2.1',
13 silly view     _rev: '50-d42d8b8f48b8dde10050e5937030c47d',
13 silly view     name: 'neovim',
13 silly view     'dist-tags': { latest: '5.2.1' },
13 silly view     versions: [
13 silly view       '0.0.1',   '0.1.0',         '3.0.0',
13 silly view       '3.1.0',   '3.2.0',         '3.2.1',
13 silly view       '3.2.2',   '3.2.3',         '3.2.4',
13 silly view       '3.2.5',   '3.2.6',         '3.2.7',
13 silly view       '3.4.1-0', '3.4.2',         '3.4.4',
13 silly view       '3.4.5',   '3.5.0',         '3.5.1',
13 silly view       '3.5.2',   '4.0.0-alpha.1', '4.0.0',
13 silly view       '4.0.1',   '4.1.0',         '4.2.0',
13 silly view       '4.2.1',   '4.3.0',         '4.4.0',
13 silly view       '4.5.0',   '4.6.0-alpha.0', '4.6.0',
13 silly view       '4.7.0',   '4.8.0',         '4.9.0',
13 silly view       '4.10.0',  '4.10.1',        '4.11.0',
13 silly view       '5.0.1',   '5.1.0',         '5.2.0',
13 silly view       '5.2.1'
13 silly view     ],
13 silly view     time: {
13 silly view       created: '2014-11-26T06:31:04.482Z',
13 silly view       modified: '2024-09-13T11:49:11.861Z',
13 silly view       '0.0.1': '2014-11-26T06:31:04.482Z',
13 silly view       '0.1.0': '2017-06-13T02:05:45.474Z',
13 silly view       '3.0.0': '2017-06-13T02:09:26.056Z',
13 silly view       '3.1.0': '2017-06-16T18:12:42.133Z',
13 silly view       '3.2.0': '2017-06-30T02:53:03.216Z',
13 silly view       '3.2.1': '2017-06-30T04:07:17.584Z',
13 silly view       '3.2.2': '2017-06-30T20:23:21.705Z',
13 silly view       '3.2.3': '2017-06-30T20:34:28.204Z',
13 silly view       '3.2.4': '2017-06-30T20:42:01.976Z',
13 silly view       '3.2.5': '2017-06-30T20:49:25.295Z',
13 silly view       '3.2.6': '2017-06-30T20:53:56.511Z',
13 silly view       '3.2.7': '2017-07-03T16:31:16.908Z',
13 silly view       '3.4.1-0': '2017-07-05T19:44:43.619Z',
13 silly view       '3.4.2': '2017-07-24T04:30:34.825Z',
13 silly view       '3.4.4': '2017-07-24T04:51:55.701Z',
13 silly view       '3.4.5': '2017-07-31T16:09:48.967Z',
13 silly view       '3.5.0': '2017-10-27T14:55:48.115Z',
13 silly view       '3.5.1': '2017-12-10T05:14:24.567Z',
13 silly view       '3.5.2': '2018-01-02T16:57:05.458Z',
13 silly view       '4.0.0': '2018-05-13T18:39:53.688Z',
13 silly view       '4.0.0-alpha.1': '2018-05-13T18:48:35.137Z',
13 silly view       '4.0.1': '2018-05-13T20:27:37.573Z',
13 silly view       '4.1.0': '2018-06-03T19:02:07.244Z',
13 silly view       '4.2.0': '2018-06-28T05:22:01.971Z',
13 silly view       '4.2.1': '2018-07-14T15:47:00.485Z',
13 silly view       '4.3.0': '2019-03-04T06:57:09.883Z',
13 silly view       '4.4.0': '2019-03-06T05:56:15.627Z',
13 silly view       '4.5.0': '2019-03-24T21:07:02.432Z',
13 silly view       '4.6.0-alpha.0': '2019-12-22T22:21:39.727Z',
13 silly view       '4.6.0': '2019-12-30T12:18:41.597Z',
13 silly view       '4.7.0': '2019-12-30T12:36:31.803Z',
13 silly view       '4.8.0': '2020-01-12T18:52:17.521Z',
13 silly view       '4.9.0': '2020-05-25T19:38:13.803Z',
13 silly view       '4.10.0': '2021-04-13T16:01:52.579Z',
13 silly view       '4.10.1': '2021-12-13T15:15:43.579Z',
13 silly view       '4.11.0': '2024-02-07T02:07:26.103Z',
13 silly view       '5.0.1': '2024-03-01T17:20:41.681Z',
13 silly view       '5.1.0': '2024-03-20T14:01:31.695Z',
13 silly view       '5.2.0': '2024-08-11T15:05:01.819Z',
13 silly view       '5.2.1': '2024-09-13T11:49:11.692Z'
13 silly view     },
13 silly view     bugs: { url: 'https://github.com/neovim/node-client/issues' },
13 silly view     license: 'MIT',
13 silly view     homepage: 'https://github.com/neovim/node-client',
13 silly view     keywords: [
13 silly view       'neovim',
13 silly view       'neovim-client',
13 silly view       'node-host',
13 silly view       'node-client',
13 silly view       'nvim',
13 silly view       'nvim-client',
13 silly view       'vim'
13 silly view     ],
13 silly view     repository: {
13 silly view       type: 'git',
13 silly view       url: 'git+https://github.com/neovim/node-client.git'
13 silly view     },
13 silly view     description: 'Nvim msgpack API client and remote plugin provider',
13 silly view     maintainers: [ [Object], [Object] ],
13 silly view     readmeFilename: 'README.md',
13 silly view     users: {},
13 silly view     _contentLength: 140169,
13 silly view     version: '5.2.1',
13 silly view     authors: [ [Object], [Object], [Object], [Object], [Object] ],
13 silly view     bin: { 'neovim-node-host': 'bin/cli.js' },
13 silly view     main: './lib/index',
13 silly view     typings: './lib/index',
13 silly view     engines: { node: '>=10' },
13 silly view     dependencies: { '@msgpack/msgpack': '^2.8.0', winston: '3.14.1' },
13 silly view     devDependencies: {
13 silly view       '@babel/core': '^7.25.2',
13 silly view       '@babel/plugin-proposal-class-properties': '^7.18.6',
13 silly view       '@babel/preset-env': '^7.25.3',
13 silly view       '@babel/preset-typescript': '^7.24.7',
13 silly view       '@types/jest': '^29.5.12',
13 silly view       '@types/node': '16.9.x',
13 silly view       'babel-jest': '^29.7.0',
13 silly view       jest: '^29.7.0',
13 silly view       'jest-haste-map': '^29.7.0',
13 silly view       'jest-resolve': '^29.6.1',
13 silly view       typedoc: '^0.26.5',
13 silly view       typescript: '^5.5.4'
13 silly view     },
13 silly view     scripts: {
13 silly view       doc: "typedoc --out doc --exclude '**/*.test.ts' src",
13 silly view       prepublishOnly: 'npm run build',
13 silly view       test: 'jest',
13 silly view       'test-build': 'npm test --runInBand --coverage',
13 silly view       'test-staged': 'npm test --bail --no-cache --findRelatedTests',
13 silly view       'test-missing-apis': 'npm run build && node scripts/findMissingApi',
13 silly view       precommit: 'lint-staged',
13 silly view       build: 'tsc --pretty',
13 silly view       dev: 'npm run build --watch true'
13 silly view     },
13 silly view     jest: {
13 silly view       moduleFileExtensions: [Array],
13 silly view       setupFilesAfterEnv: [Array],
13 silly view       testEnvironment: 'node',
13 silly view       testRegex: '(/__tests__/.*|(\\.|/)(test|spec))\\.ts$',
13 silly view       coverageDirectory: './coverage/',
13 silly view       collectCoverage: true,
13 silly view       coverageReporters: [Array],
13 silly view       testEnvironmentOptions: [Object]
13 silly view     },
13 silly view     gitHead: '43fb7aff04a7f441209aa0ae3966f2e5ba04cf3a',
13 silly view     _nodeVersion: '22.6.0',
13 silly view     _npmVersion: '10.8.2',
13 silly view     dist: {
13 silly view       integrity: 'sha512-9mpiafAakIQ+yQRwmJr8bVyHhGwL7y44aByjo5RHpc8xjWHJ00FzSWFd/aNsBl209X/KrfuPPmKEnkKEQ6/iQA==',
13 silly view       shasum: 'd5d216e989a0fbce737787d3ae78123f0df2193f',
13 silly view       tarball: 'https://registry.npmjs.org/neovim/-/neovim-5.2.1.tgz',
13 silly view       fileCount: 81,
13 silly view       unpackedSize: 188673,
13 silly view       signatures: [Array]
13 silly view     },
13 silly view     _npmUser: { name: 'justinmk', email: 'justinkz@gmail.com' },
13 silly view     directories: {},
13 silly view     _npmOperationalInternal: {
13 silly view       host: 's3://npm-registry-packages',
13 silly view       tmp: 'tmp/neovim_5.2.1_1726228151440_0.6848495917706501'
13 silly view     },
13 silly view     _hasShrinkwrap: false
13 silly view   }
13 silly view }
14 verbose cwd /home/tom/.config/nvim
15 verbose os Linux 6.10.9-arch1-2
16 verbose node v22.8.0
17 verbose npm  v10.8.3
18 verbose exit 0
19 info ok
